<?xml version="1.0" encoding="UTF-8"?>
<testsuite xmlns:xsi="http://www.w3.org/2001/XMLSchema-instance" xsi:noNamespaceSchemaLocation="https://maven.apache.org/surefire/maven-surefire-plugin/xsd/surefire-test-report.xsd" name="com.ljw.LjwApplicationTests" time="23.14" tests="1" errors="0" skipped="0" failures="0">
  <properties>
    <property name="sun.desktop" value="windows"/>
    <property name="awt.toolkit" value="sun.awt.windows.WToolkit"/>
    <property name="file.encoding.pkg" value="sun.io"/>
    <property name="java.specification.version" value="1.8"/>
    <property name="sun.cpu.isalist" value="pentium_pro+mmx pentium_pro pentium+mmx pentium i486 i386 i86"/>
    <property name="sun.jnu.encoding" value="GBK"/>
    <property name="java.class.path" value="E:\小程序\IDEA工作台\Video\target\test-classes;E:\小程序\IDEA工作台\Video\target\classes;D:\idea\apache-maven-3.6.1\Meven-Tools\tk\mybatis\mapper\3.2.0\mapper-3.2.0.jar;D:\idea\apache-maven-3.6.1\Meven-Tools\javax\persistence\persistence-api\1.0\persistence-api-1.0.jar;D:\idea\apache-maven-3.6.1\Meven-Tools\com\github\pagehelper\pagehelper\4.1.0\pagehelper-4.1.0.jar;D:\idea\apache-maven-3.6.1\Meven-Tools\com\github\jsqlparser\jsqlparser\0.9.4\jsqlparser-0.9.4.jar;D:\idea\apache-maven-3.6.1\Meven-Tools\org\projectlombok\lombok\1.18.12\lombok-1.18.12.jar;D:\idea\apache-maven-3.6.1\Meven-Tools\com\baomidou\mybatis-plus-boot-starter\3.3.1.tmp\mybatis-plus-boot-starter-3.3.1.tmp.jar;D:\idea\apache-maven-3.6.1\Meven-Tools\com\baomidou\mybatis-plus\3.3.1.tmp\mybatis-plus-3.3.1.tmp.jar;D:\idea\apache-maven-3.6.1\Meven-Tools\com\baomidou\mybatis-plus-extension\3.3.1.tmp\mybatis-plus-extension-3.3.1.tmp.jar;D:\idea\apache-maven-3.6.1\Meven-Tools\com\baomidou\mybatis-plus-core\3.3.1.tmp\mybatis-plus-core-3.3.1.tmp.jar;D:\idea\apache-maven-3.6.1\Meven-Tools\com\baomidou\mybatis-plus-annotation\3.3.1.tmp\mybatis-plus-annotation-3.3.1.tmp.jar;D:\idea\apache-maven-3.6.1\Meven-Tools\org\mybatis\mybatis\3.5.3\mybatis-3.5.3.jar;D:\idea\apache-maven-3.6.1\Meven-Tools\org\mybatis\mybatis-spring\2.0.3\mybatis-spring-2.0.3.jar;D:\idea\apache-maven-3.6.1\Meven-Tools\org\springframework\boot\spring-boot-autoconfigure\2.2.5.RELEASE\spring-boot-autoconfigure-2.2.5.RELEASE.jar;D:\idea\apache-maven-3.6.1\Meven-Tools\org\springframework\boot\spring-boot-starter-jdbc\2.2.5.RELEASE\spring-boot-starter-jdbc-2.2.5.RELEASE.jar;D:\idea\apache-maven-3.6.1\Meven-Tools\com\zaxxer\HikariCP\3.4.2\HikariCP-3.4.2.jar;D:\idea\apache-maven-3.6.1\Meven-Tools\org\springframework\spring-jdbc\5.2.4.RELEASE\spring-jdbc-5.2.4.RELEASE.jar;D:\idea\apache-maven-3.6.1\Meven-Tools\com\h2database\h2\1.4.200\h2-1.4.200.jar;D:\idea\apache-maven-3.6.1\Meven-Tools\org\springframework\boot\spring-boot-starter-web\2.2.5.RELEASE\spring-boot-starter-web-2.2.5.RELEASE.jar;D:\idea\apache-maven-3.6.1\Meven-Tools\org\springframework\boot\spring-boot-starter-json\2.2.5.RELEASE\spring-boot-starter-json-2.2.5.RELEASE.jar;D:\idea\apache-maven-3.6.1\Meven-Tools\com\fasterxml\jackson\core\jackson-databind\2.10.2\jackson-databind-2.10.2.jar;D:\idea\apache-maven-3.6.1\Meven-Tools\com\fasterxml\jackson\core\jackson-core\2.10.2\jackson-core-2.10.2.jar;D:\idea\apache-maven-3.6.1\Meven-Tools\com\fasterxml\jackson\datatype\jackson-datatype-jdk8\2.10.2\jackson-datatype-jdk8-2.10.2.jar;D:\idea\apache-maven-3.6.1\Meven-Tools\com\fasterxml\jackson\datatype\jackson-datatype-jsr310\2.10.2\jackson-datatype-jsr310-2.10.2.jar;D:\idea\apache-maven-3.6.1\Meven-Tools\com\fasterxml\jackson\module\jackson-module-parameter-names\2.10.2\jackson-module-parameter-names-2.10.2.jar;D:\idea\apache-maven-3.6.1\Meven-Tools\org\springframework\boot\spring-boot-starter-tomcat\2.2.5.RELEASE\spring-boot-starter-tomcat-2.2.5.RELEASE.jar;D:\idea\apache-maven-3.6.1\Meven-Tools\org\apache\tomcat\embed\tomcat-embed-core\9.0.31\tomcat-embed-core-9.0.31.jar;D:\idea\apache-maven-3.6.1\Meven-Tools\org\apache\tomcat\embed\tomcat-embed-el\9.0.31\tomcat-embed-el-9.0.31.jar;D:\idea\apache-maven-3.6.1\Meven-Tools\org\apache\tomcat\embed\tomcat-embed-websocket\9.0.31\tomcat-embed-websocket-9.0.31.jar;D:\idea\apache-maven-3.6.1\Meven-Tools\org\springframework\boot\spring-boot-starter-validation\2.2.5.RELEASE\spring-boot-starter-validation-2.2.5.RELEASE.jar;D:\idea\apache-maven-3.6.1\Meven-Tools\jakarta\validation\jakarta.validation-api\2.0.2\jakarta.validation-api-2.0.2.jar;D:\idea\apache-maven-3.6.1\Meven-Tools\org\hibernate\validator\hibernate-validator\6.0.18.Final\hibernate-validator-6.0.18.Final.jar;D:\idea\apache-maven-3.6.1\Meven-Tools\org\jboss\logging\jboss-logging\3.4.1.Final\jboss-logging-3.4.1.Final.jar;D:\idea\apache-maven-3.6.1\Meven-Tools\org\springframework\spring-web\5.2.4.RELEASE\spring-web-5.2.4.RELEASE.jar;D:\idea\apache-maven-3.6.1\Meven-Tools\org\springframework\spring-beans\5.2.4.RELEASE\spring-beans-5.2.4.RELEASE.jar;D:\idea\apache-maven-3.6.1\Meven-Tools\org\springframework\spring-webmvc\5.2.4.RELEASE\spring-webmvc-5.2.4.RELEASE.jar;D:\idea\apache-maven-3.6.1\Meven-Tools\org\springframework\spring-aop\5.2.4.RELEASE\spring-aop-5.2.4.RELEASE.jar;D:\idea\apache-maven-3.6.1\Meven-Tools\org\springframework\spring-context\5.2.4.RELEASE\spring-context-5.2.4.RELEASE.jar;D:\idea\apache-maven-3.6.1\Meven-Tools\org\springframework\spring-expression\5.2.4.RELEASE\spring-expression-5.2.4.RELEASE.jar;D:\idea\apache-maven-3.6.1\Meven-Tools\org\springframework\boot\spring-boot-starter\2.2.5.RELEASE\spring-boot-starter-2.2.5.RELEASE.jar;D:\idea\apache-maven-3.6.1\Meven-Tools\org\springframework\boot\spring-boot\2.2.5.RELEASE\spring-boot-2.2.5.RELEASE.jar;D:\idea\apache-maven-3.6.1\Meven-Tools\org\springframework\boot\spring-boot-starter-logging\2.2.5.RELEASE\spring-boot-starter-logging-2.2.5.RELEASE.jar;D:\idea\apache-maven-3.6.1\Meven-Tools\ch\qos\logback\logback-classic\1.2.3\logback-classic-1.2.3.jar;D:\idea\apache-maven-3.6.1\Meven-Tools\ch\qos\logback\logback-core\1.2.3\logback-core-1.2.3.jar;D:\idea\apache-maven-3.6.1\Meven-Tools\org\apache\logging\log4j\log4j-to-slf4j\2.12.1\log4j-to-slf4j-2.12.1.jar;D:\idea\apache-maven-3.6.1\Meven-Tools\org\apache\logging\log4j\log4j-api\2.12.1\log4j-api-2.12.1.jar;D:\idea\apache-maven-3.6.1\Meven-Tools\org\slf4j\jul-to-slf4j\1.7.30\jul-to-slf4j-1.7.30.jar;D:\idea\apache-maven-3.6.1\Meven-Tools\jakarta\annotation\jakarta.annotation-api\1.3.5\jakarta.annotation-api-1.3.5.jar;D:\idea\apache-maven-3.6.1\Meven-Tools\org\springframework\spring-core\5.2.4.RELEASE\spring-core-5.2.4.RELEASE.jar;D:\idea\apache-maven-3.6.1\Meven-Tools\org\springframework\spring-jcl\5.2.4.RELEASE\spring-jcl-5.2.4.RELEASE.jar;D:\idea\apache-maven-3.6.1\Meven-Tools\org\yaml\snakeyaml\1.25\snakeyaml-1.25.jar;D:\idea\apache-maven-3.6.1\Meven-Tools\mysql\mysql-connector-java\8.0.19\mysql-connector-java-8.0.19.jar;D:\idea\apache-maven-3.6.1\Meven-Tools\com\alibaba\druid\1.0.25\druid-1.0.25.jar;C:\Program Files (x86)\Java\jdk1.8.0_71\jre\..\lib\jconsole.jar;C:\Program Files (x86)\Java\jdk1.8.0_71\jre\..\lib\tools.jar;D:\idea\apache-maven-3.6.1\Meven-Tools\com\alibaba\fastjson\1.2.31\fastjson-1.2.31.jar;D:\idea\apache-maven-3.6.1\Meven-Tools\io\springfox\springfox-swagger2\2.4.0\springfox-swagger2-2.4.0.jar;D:\idea\apache-maven-3.6.1\Meven-Tools\io\swagger\swagger-annotations\1.5.6\swagger-annotations-1.5.6.jar;D:\idea\apache-maven-3.6.1\Meven-Tools\io\swagger\swagger-models\1.5.6\swagger-models-1.5.6.jar;D:\idea\apache-maven-3.6.1\Meven-Tools\com\fasterxml\jackson\core\jackson-annotations\2.10.2\jackson-annotations-2.10.2.jar;D:\idea\apache-maven-3.6.1\Meven-Tools\io\springfox\springfox-spi\2.4.0\springfox-spi-2.4.0.jar;D:\idea\apache-maven-3.6.1\Meven-Tools\io\springfox\springfox-core\2.4.0\springfox-core-2.4.0.jar;D:\idea\apache-maven-3.6.1\Meven-Tools\io\springfox\springfox-schema\2.4.0\springfox-schema-2.4.0.jar;D:\idea\apache-maven-3.6.1\Meven-Tools\io\springfox\springfox-swagger-common\2.4.0\springfox-swagger-common-2.4.0.jar;D:\idea\apache-maven-3.6.1\Meven-Tools\io\springfox\springfox-spring-web\2.4.0\springfox-spring-web-2.4.0.jar;D:\idea\apache-maven-3.6.1\Meven-Tools\com\google\guava\guava\18.0\guava-18.0.jar;D:\idea\apache-maven-3.6.1\Meven-Tools\com\fasterxml\classmate\1.5.1\classmate-1.5.1.jar;D:\idea\apache-maven-3.6.1\Meven-Tools\org\slf4j\slf4j-api\1.7.30\slf4j-api-1.7.30.jar;D:\idea\apache-maven-3.6.1\Meven-Tools\org\springframework\plugin\spring-plugin-core\1.2.0.RELEASE\spring-plugin-core-1.2.0.RELEASE.jar;D:\idea\apache-maven-3.6.1\Meven-Tools\org\springframework\plugin\spring-plugin-metadata\1.2.0.RELEASE\spring-plugin-metadata-1.2.0.RELEASE.jar;D:\idea\apache-maven-3.6.1\Meven-Tools\io\springfox\springfox-swagger-ui\2.4.0\springfox-swagger-ui-2.4.0.jar;D:\idea\apache-maven-3.6.1\Meven-Tools\com\fasterxml\uuid\java-uuid-generator\3.1.3\java-uuid-generator-3.1.3.jar;D:\idea\apache-maven-3.6.1\Meven-Tools\log4j\log4j\1.2.13\log4j-1.2.13.jar;D:\idea\apache-maven-3.6.1\Meven-Tools\org\springframework\boot\spring-boot-starter-data-redis\2.2.5.RELEASE\spring-boot-starter-data-redis-2.2.5.RELEASE.jar;D:\idea\apache-maven-3.6.1\Meven-Tools\org\springframework\data\spring-data-redis\2.2.5.RELEASE\spring-data-redis-2.2.5.RELEASE.jar;D:\idea\apache-maven-3.6.1\Meven-Tools\org\springframework\data\spring-data-keyvalue\2.2.5.RELEASE\spring-data-keyvalue-2.2.5.RELEASE.jar;D:\idea\apache-maven-3.6.1\Meven-Tools\org\springframework\data\spring-data-commons\2.2.5.RELEASE\spring-data-commons-2.2.5.RELEASE.jar;D:\idea\apache-maven-3.6.1\Meven-Tools\org\springframework\spring-tx\5.2.4.RELEASE\spring-tx-5.2.4.RELEASE.jar;D:\idea\apache-maven-3.6.1\Meven-Tools\org\springframework\spring-oxm\5.2.4.RELEASE\spring-oxm-5.2.4.RELEASE.jar;D:\idea\apache-maven-3.6.1\Meven-Tools\org\springframework\spring-context-support\5.2.4.RELEASE\spring-context-support-5.2.4.RELEASE.jar;D:\idea\apache-maven-3.6.1\Meven-Tools\io\lettuce\lettuce-core\5.2.2.RELEASE\lettuce-core-5.2.2.RELEASE.jar;D:\idea\apache-maven-3.6.1\Meven-Tools\io\netty\netty-common\4.1.45.Final\netty-common-4.1.45.Final.jar;D:\idea\apache-maven-3.6.1\Meven-Tools\io\netty\netty-handler\4.1.45.Final\netty-handler-4.1.45.Final.jar;D:\idea\apache-maven-3.6.1\Meven-Tools\io\netty\netty-buffer\4.1.45.Final\netty-buffer-4.1.45.Final.jar;D:\idea\apache-maven-3.6.1\Meven-Tools\io\netty\netty-codec\4.1.45.Final\netty-codec-4.1.45.Final.jar;D:\idea\apache-maven-3.6.1\Meven-Tools\io\netty\netty-transport\4.1.45.Final\netty-transport-4.1.45.Final.jar;D:\idea\apache-maven-3.6.1\Meven-Tools\io\netty\netty-resolver\4.1.45.Final\netty-resolver-4.1.45.Final.jar;D:\idea\apache-maven-3.6.1\Meven-Tools\io\projectreactor\reactor-core\3.3.3.RELEASE\reactor-core-3.3.3.RELEASE.jar;D:\idea\apache-maven-3.6.1\Meven-Tools\org\reactivestreams\reactive-streams\1.0.3\reactive-streams-1.0.3.jar;D:\idea\apache-maven-3.6.1\Meven-Tools\redis\clients\jedis\2.10.2\jedis-2.10.2.jar;D:\idea\apache-maven-3.6.1\Meven-Tools\org\apache\commons\commons-pool2\2.7.0\commons-pool2-2.7.0.jar;D:\idea\apache-maven-3.6.1\Meven-Tools\org\springframework\boot\spring-boot-starter-test\2.2.5.RELEASE\spring-boot-starter-test-2.2.5.RELEASE.jar;D:\idea\apache-maven-3.6.1\Meven-Tools\org\springframework\boot\spring-boot-test\2.2.5.RELEASE\spring-boot-test-2.2.5.RELEASE.jar;D:\idea\apache-maven-3.6.1\Meven-Tools\org\springframework\boot\spring-boot-test-autoconfigure\2.2.5.RELEASE\spring-boot-test-autoconfigure-2.2.5.RELEASE.jar;D:\idea\apache-maven-3.6.1\Meven-Tools\jakarta\xml\bind\jakarta.xml.bind-api\2.3.2\jakarta.xml.bind-api-2.3.2.jar;D:\idea\apache-maven-3.6.1\Meven-Tools\jakarta\activation\jakarta.activation-api\1.2.2\jakarta.activation-api-1.2.2.jar;D:\idea\apache-maven-3.6.1\Meven-Tools\org\junit\jupiter\junit-jupiter\5.5.2\junit-jupiter-5.5.2.jar;D:\idea\apache-maven-3.6.1\Meven-Tools\org\junit\jupiter\junit-jupiter-api\5.5.2\junit-jupiter-api-5.5.2.jar;D:\idea\apache-maven-3.6.1\Meven-Tools\org\apiguardian\apiguardian-api\1.1.0\apiguardian-api-1.1.0.jar;D:\idea\apache-maven-3.6.1\Meven-Tools\org\opentest4j\opentest4j\1.2.0\opentest4j-1.2.0.jar;D:\idea\apache-maven-3.6.1\Meven-Tools\org\junit\platform\junit-platform-commons\1.5.2\junit-platform-commons-1.5.2.jar;D:\idea\apache-maven-3.6.1\Meven-Tools\org\junit\jupiter\junit-jupiter-params\5.5.2\junit-jupiter-params-5.5.2.jar;D:\idea\apache-maven-3.6.1\Meven-Tools\org\junit\jupiter\junit-jupiter-engine\5.5.2\junit-jupiter-engine-5.5.2.jar;D:\idea\apache-maven-3.6.1\Meven-Tools\org\junit\platform\junit-platform-engine\1.5.2\junit-platform-engine-1.5.2.jar;D:\idea\apache-maven-3.6.1\Meven-Tools\org\mockito\mockito-junit-jupiter\3.1.0\mockito-junit-jupiter-3.1.0.jar;D:\idea\apache-maven-3.6.1\Meven-Tools\org\assertj\assertj-core\3.13.2\assertj-core-3.13.2.jar;D:\idea\apache-maven-3.6.1\Meven-Tools\org\hamcrest\hamcrest\2.1\hamcrest-2.1.jar;D:\idea\apache-maven-3.6.1\Meven-Tools\org\mockito\mockito-core\3.1.0\mockito-core-3.1.0.jar;D:\idea\apache-maven-3.6.1\Meven-Tools\net\bytebuddy\byte-buddy\1.10.8\byte-buddy-1.10.8.jar;D:\idea\apache-maven-3.6.1\Meven-Tools\net\bytebuddy\byte-buddy-agent\1.10.8\byte-buddy-agent-1.10.8.jar;D:\idea\apache-maven-3.6.1\Meven-Tools\org\objenesis\objenesis\2.6\objenesis-2.6.jar;D:\idea\apache-maven-3.6.1\Meven-Tools\org\skyscreamer\jsonassert\1.5.0\jsonassert-1.5.0.jar;D:\idea\apache-maven-3.6.1\Meven-Tools\com\vaadin\external\google\android-json\0.0.20131108.vaadin1\android-json-0.0.20131108.vaadin1.jar;D:\idea\apache-maven-3.6.1\Meven-Tools\org\springframework\spring-test\5.2.4.RELEASE\spring-test-5.2.4.RELEASE.jar;D:\idea\apache-maven-3.6.1\Meven-Tools\org\xmlunit\xmlunit-core\2.6.3\xmlunit-core-2.6.3.jar;D:\idea\apache-maven-3.6.1\Meven-Tools\com\jayway\jsonpath\json-path\2.4.0\json-path-2.4.0.jar;D:\idea\apache-maven-3.6.1\Meven-Tools\net\minidev\json-smart\2.3\json-smart-2.3.jar;D:\idea\apache-maven-3.6.1\Meven-Tools\net\minidev\accessors-smart\1.2\accessors-smart-1.2.jar;D:\idea\apache-maven-3.6.1\Meven-Tools\org\ow2\asm\asm\5.0.4\asm-5.0.4.jar;"/>
    <property name="java.vm.vendor" value="Oracle Corporation"/>
    <property name="sun.arch.data.model" value="32"/>
    <property name="user.variant" value=""/>
    <property name="java.vendor.url" value="http://java.oracle.com/"/>
    <property name="user.timezone" value="Asia/Shanghai"/>
    <property name="java.vm.specification.version" value="1.8"/>
    <property name="os.name" value="Windows 10"/>
    <property name="user.country" value="CN"/>
    <property name="sun.java.launcher" value="SUN_STANDARD"/>
    <property name="sun.boot.library.path" value="C:\Program Files (x86)\Java\jdk1.8.0_71\jre\bin"/>
    <property name="sun.java.command" value="C:\Users\123\AppData\Local\Temp\surefire3630466402035836492\surefirebooter1216966219716457247.jar C:\Users\123\AppData\Local\Temp\surefire3630466402035836492 2020-03-13T20-47-26_482-jvmRun1 surefire825118738465184038tmp surefire_01714754348389149494tmp"/>
    <property name="surefire.test.class.path" value="E:\小程序\IDEA工作台\Video\target\test-classes;E:\小程序\IDEA工作台\Video\target\classes;D:\idea\apache-maven-3.6.1\Meven-Tools\tk\mybatis\mapper\3.2.0\mapper-3.2.0.jar;D:\idea\apache-maven-3.6.1\Meven-Tools\javax\persistence\persistence-api\1.0\persistence-api-1.0.jar;D:\idea\apache-maven-3.6.1\Meven-Tools\com\github\pagehelper\pagehelper\4.1.0\pagehelper-4.1.0.jar;D:\idea\apache-maven-3.6.1\Meven-Tools\com\github\jsqlparser\jsqlparser\0.9.4\jsqlparser-0.9.4.jar;D:\idea\apache-maven-3.6.1\Meven-Tools\org\projectlombok\lombok\1.18.12\lombok-1.18.12.jar;D:\idea\apache-maven-3.6.1\Meven-Tools\com\baomidou\mybatis-plus-boot-starter\3.3.1.tmp\mybatis-plus-boot-starter-3.3.1.tmp.jar;D:\idea\apache-maven-3.6.1\Meven-Tools\com\baomidou\mybatis-plus\3.3.1.tmp\mybatis-plus-3.3.1.tmp.jar;D:\idea\apache-maven-3.6.1\Meven-Tools\com\baomidou\mybatis-plus-extension\3.3.1.tmp\mybatis-plus-extension-3.3.1.tmp.jar;D:\idea\apache-maven-3.6.1\Meven-Tools\com\baomidou\mybatis-plus-core\3.3.1.tmp\mybatis-plus-core-3.3.1.tmp.jar;D:\idea\apache-maven-3.6.1\Meven-Tools\com\baomidou\mybatis-plus-annotation\3.3.1.tmp\mybatis-plus-annotation-3.3.1.tmp.jar;D:\idea\apache-maven-3.6.1\Meven-Tools\org\mybatis\mybatis\3.5.3\mybatis-3.5.3.jar;D:\idea\apache-maven-3.6.1\Meven-Tools\org\mybatis\mybatis-spring\2.0.3\mybatis-spring-2.0.3.jar;D:\idea\apache-maven-3.6.1\Meven-Tools\org\springframework\boot\spring-boot-autoconfigure\2.2.5.RELEASE\spring-boot-autoconfigure-2.2.5.RELEASE.jar;D:\idea\apache-maven-3.6.1\Meven-Tools\org\springframework\boot\spring-boot-starter-jdbc\2.2.5.RELEASE\spring-boot-starter-jdbc-2.2.5.RELEASE.jar;D:\idea\apache-maven-3.6.1\Meven-Tools\com\zaxxer\HikariCP\3.4.2\HikariCP-3.4.2.jar;D:\idea\apache-maven-3.6.1\Meven-Tools\org\springframework\spring-jdbc\5.2.4.RELEASE\spring-jdbc-5.2.4.RELEASE.jar;D:\idea\apache-maven-3.6.1\Meven-Tools\com\h2database\h2\1.4.200\h2-1.4.200.jar;D:\idea\apache-maven-3.6.1\Meven-Tools\org\springframework\boot\spring-boot-starter-web\2.2.5.RELEASE\spring-boot-starter-web-2.2.5.RELEASE.jar;D:\idea\apache-maven-3.6.1\Meven-Tools\org\springframework\boot\spring-boot-starter-json\2.2.5.RELEASE\spring-boot-starter-json-2.2.5.RELEASE.jar;D:\idea\apache-maven-3.6.1\Meven-Tools\com\fasterxml\jackson\core\jackson-databind\2.10.2\jackson-databind-2.10.2.jar;D:\idea\apache-maven-3.6.1\Meven-Tools\com\fasterxml\jackson\core\jackson-core\2.10.2\jackson-core-2.10.2.jar;D:\idea\apache-maven-3.6.1\Meven-Tools\com\fasterxml\jackson\datatype\jackson-datatype-jdk8\2.10.2\jackson-datatype-jdk8-2.10.2.jar;D:\idea\apache-maven-3.6.1\Meven-Tools\com\fasterxml\jackson\datatype\jackson-datatype-jsr310\2.10.2\jackson-datatype-jsr310-2.10.2.jar;D:\idea\apache-maven-3.6.1\Meven-Tools\com\fasterxml\jackson\module\jackson-module-parameter-names\2.10.2\jackson-module-parameter-names-2.10.2.jar;D:\idea\apache-maven-3.6.1\Meven-Tools\org\springframework\boot\spring-boot-starter-tomcat\2.2.5.RELEASE\spring-boot-starter-tomcat-2.2.5.RELEASE.jar;D:\idea\apache-maven-3.6.1\Meven-Tools\org\apache\tomcat\embed\tomcat-embed-core\9.0.31\tomcat-embed-core-9.0.31.jar;D:\idea\apache-maven-3.6.1\Meven-Tools\org\apache\tomcat\embed\tomcat-embed-el\9.0.31\tomcat-embed-el-9.0.31.jar;D:\idea\apache-maven-3.6.1\Meven-Tools\org\apache\tomcat\embed\tomcat-embed-websocket\9.0.31\tomcat-embed-websocket-9.0.31.jar;D:\idea\apache-maven-3.6.1\Meven-Tools\org\springframework\boot\spring-boot-starter-validation\2.2.5.RELEASE\spring-boot-starter-validation-2.2.5.RELEASE.jar;D:\idea\apache-maven-3.6.1\Meven-Tools\jakarta\validation\jakarta.validation-api\2.0.2\jakarta.validation-api-2.0.2.jar;D:\idea\apache-maven-3.6.1\Meven-Tools\org\hibernate\validator\hibernate-validator\6.0.18.Final\hibernate-validator-6.0.18.Final.jar;D:\idea\apache-maven-3.6.1\Meven-Tools\org\jboss\logging\jboss-logging\3.4.1.Final\jboss-logging-3.4.1.Final.jar;D:\idea\apache-maven-3.6.1\Meven-Tools\org\springframework\spring-web\5.2.4.RELEASE\spring-web-5.2.4.RELEASE.jar;D:\idea\apache-maven-3.6.1\Meven-Tools\org\springframework\spring-beans\5.2.4.RELEASE\spring-beans-5.2.4.RELEASE.jar;D:\idea\apache-maven-3.6.1\Meven-Tools\org\springframework\spring-webmvc\5.2.4.RELEASE\spring-webmvc-5.2.4.RELEASE.jar;D:\idea\apache-maven-3.6.1\Meven-Tools\org\springframework\spring-aop\5.2.4.RELEASE\spring-aop-5.2.4.RELEASE.jar;D:\idea\apache-maven-3.6.1\Meven-Tools\org\springframework\spring-context\5.2.4.RELEASE\spring-context-5.2.4.RELEASE.jar;D:\idea\apache-maven-3.6.1\Meven-Tools\org\springframework\spring-expression\5.2.4.RELEASE\spring-expression-5.2.4.RELEASE.jar;D:\idea\apache-maven-3.6.1\Meven-Tools\org\springframework\boot\spring-boot-starter\2.2.5.RELEASE\spring-boot-starter-2.2.5.RELEASE.jar;D:\idea\apache-maven-3.6.1\Meven-Tools\org\springframework\boot\spring-boot\2.2.5.RELEASE\spring-boot-2.2.5.RELEASE.jar;D:\idea\apache-maven-3.6.1\Meven-Tools\org\springframework\boot\spring-boot-starter-logging\2.2.5.RELEASE\spring-boot-starter-logging-2.2.5.RELEASE.jar;D:\idea\apache-maven-3.6.1\Meven-Tools\ch\qos\logback\logback-classic\1.2.3\logback-classic-1.2.3.jar;D:\idea\apache-maven-3.6.1\Meven-Tools\ch\qos\logback\logback-core\1.2.3\logback-core-1.2.3.jar;D:\idea\apache-maven-3.6.1\Meven-Tools\org\apache\logging\log4j\log4j-to-slf4j\2.12.1\log4j-to-slf4j-2.12.1.jar;D:\idea\apache-maven-3.6.1\Meven-Tools\org\apache\logging\log4j\log4j-api\2.12.1\log4j-api-2.12.1.jar;D:\idea\apache-maven-3.6.1\Meven-Tools\org\slf4j\jul-to-slf4j\1.7.30\jul-to-slf4j-1.7.30.jar;D:\idea\apache-maven-3.6.1\Meven-Tools\jakarta\annotation\jakarta.annotation-api\1.3.5\jakarta.annotation-api-1.3.5.jar;D:\idea\apache-maven-3.6.1\Meven-Tools\org\springframework\spring-core\5.2.4.RELEASE\spring-core-5.2.4.RELEASE.jar;D:\idea\apache-maven-3.6.1\Meven-Tools\org\springframework\spring-jcl\5.2.4.RELEASE\spring-jcl-5.2.4.RELEASE.jar;D:\idea\apache-maven-3.6.1\Meven-Tools\org\yaml\snakeyaml\1.25\snakeyaml-1.25.jar;D:\idea\apache-maven-3.6.1\Meven-Tools\mysql\mysql-connector-java\8.0.19\mysql-connector-java-8.0.19.jar;D:\idea\apache-maven-3.6.1\Meven-Tools\com\alibaba\druid\1.0.25\druid-1.0.25.jar;C:\Program Files (x86)\Java\jdk1.8.0_71\jre\..\lib\jconsole.jar;C:\Program Files (x86)\Java\jdk1.8.0_71\jre\..\lib\tools.jar;D:\idea\apache-maven-3.6.1\Meven-Tools\com\alibaba\fastjson\1.2.31\fastjson-1.2.31.jar;D:\idea\apache-maven-3.6.1\Meven-Tools\io\springfox\springfox-swagger2\2.4.0\springfox-swagger2-2.4.0.jar;D:\idea\apache-maven-3.6.1\Meven-Tools\io\swagger\swagger-annotations\1.5.6\swagger-annotations-1.5.6.jar;D:\idea\apache-maven-3.6.1\Meven-Tools\io\swagger\swagger-models\1.5.6\swagger-models-1.5.6.jar;D:\idea\apache-maven-3.6.1\Meven-Tools\com\fasterxml\jackson\core\jackson-annotations\2.10.2\jackson-annotations-2.10.2.jar;D:\idea\apache-maven-3.6.1\Meven-Tools\io\springfox\springfox-spi\2.4.0\springfox-spi-2.4.0.jar;D:\idea\apache-maven-3.6.1\Meven-Tools\io\springfox\springfox-core\2.4.0\springfox-core-2.4.0.jar;D:\idea\apache-maven-3.6.1\Meven-Tools\io\springfox\springfox-schema\2.4.0\springfox-schema-2.4.0.jar;D:\idea\apache-maven-3.6.1\Meven-Tools\io\springfox\springfox-swagger-common\2.4.0\springfox-swagger-common-2.4.0.jar;D:\idea\apache-maven-3.6.1\Meven-Tools\io\springfox\springfox-spring-web\2.4.0\springfox-spring-web-2.4.0.jar;D:\idea\apache-maven-3.6.1\Meven-Tools\com\google\guava\guava\18.0\guava-18.0.jar;D:\idea\apache-maven-3.6.1\Meven-Tools\com\fasterxml\classmate\1.5.1\classmate-1.5.1.jar;D:\idea\apache-maven-3.6.1\Meven-Tools\org\slf4j\slf4j-api\1.7.30\slf4j-api-1.7.30.jar;D:\idea\apache-maven-3.6.1\Meven-Tools\org\springframework\plugin\spring-plugin-core\1.2.0.RELEASE\spring-plugin-core-1.2.0.RELEASE.jar;D:\idea\apache-maven-3.6.1\Meven-Tools\org\springframework\plugin\spring-plugin-metadata\1.2.0.RELEASE\spring-plugin-metadata-1.2.0.RELEASE.jar;D:\idea\apache-maven-3.6.1\Meven-Tools\io\springfox\springfox-swagger-ui\2.4.0\springfox-swagger-ui-2.4.0.jar;D:\idea\apache-maven-3.6.1\Meven-Tools\com\fasterxml\uuid\java-uuid-generator\3.1.3\java-uuid-generator-3.1.3.jar;D:\idea\apache-maven-3.6.1\Meven-Tools\log4j\log4j\1.2.13\log4j-1.2.13.jar;D:\idea\apache-maven-3.6.1\Meven-Tools\org\springframework\boot\spring-boot-starter-data-redis\2.2.5.RELEASE\spring-boot-starter-data-redis-2.2.5.RELEASE.jar;D:\idea\apache-maven-3.6.1\Meven-Tools\org\springframework\data\spring-data-redis\2.2.5.RELEASE\spring-data-redis-2.2.5.RELEASE.jar;D:\idea\apache-maven-3.6.1\Meven-Tools\org\springframework\data\spring-data-keyvalue\2.2.5.RELEASE\spring-data-keyvalue-2.2.5.RELEASE.jar;D:\idea\apache-maven-3.6.1\Meven-Tools\org\springframework\data\spring-data-commons\2.2.5.RELEASE\spring-data-commons-2.2.5.RELEASE.jar;D:\idea\apache-maven-3.6.1\Meven-Tools\org\springframework\spring-tx\5.2.4.RELEASE\spring-tx-5.2.4.RELEASE.jar;D:\idea\apache-maven-3.6.1\Meven-Tools\org\springframework\spring-oxm\5.2.4.RELEASE\spring-oxm-5.2.4.RELEASE.jar;D:\idea\apache-maven-3.6.1\Meven-Tools\org\springframework\spring-context-support\5.2.4.RELEASE\spring-context-support-5.2.4.RELEASE.jar;D:\idea\apache-maven-3.6.1\Meven-Tools\io\lettuce\lettuce-core\5.2.2.RELEASE\lettuce-core-5.2.2.RELEASE.jar;D:\idea\apache-maven-3.6.1\Meven-Tools\io\netty\netty-common\4.1.45.Final\netty-common-4.1.45.Final.jar;D:\idea\apache-maven-3.6.1\Meven-Tools\io\netty\netty-handler\4.1.45.Final\netty-handler-4.1.45.Final.jar;D:\idea\apache-maven-3.6.1\Meven-Tools\io\netty\netty-buffer\4.1.45.Final\netty-buffer-4.1.45.Final.jar;D:\idea\apache-maven-3.6.1\Meven-Tools\io\netty\netty-codec\4.1.45.Final\netty-codec-4.1.45.Final.jar;D:\idea\apache-maven-3.6.1\Meven-Tools\io\netty\netty-transport\4.1.45.Final\netty-transport-4.1.45.Final.jar;D:\idea\apache-maven-3.6.1\Meven-Tools\io\netty\netty-resolver\4.1.45.Final\netty-resolver-4.1.45.Final.jar;D:\idea\apache-maven-3.6.1\Meven-Tools\io\projectreactor\reactor-core\3.3.3.RELEASE\reactor-core-3.3.3.RELEASE.jar;D:\idea\apache-maven-3.6.1\Meven-Tools\org\reactivestreams\reactive-streams\1.0.3\reactive-streams-1.0.3.jar;D:\idea\apache-maven-3.6.1\Meven-Tools\redis\clients\jedis\2.10.2\jedis-2.10.2.jar;D:\idea\apache-maven-3.6.1\Meven-Tools\org\apache\commons\commons-pool2\2.7.0\commons-pool2-2.7.0.jar;D:\idea\apache-maven-3.6.1\Meven-Tools\org\springframework\boot\spring-boot-starter-test\2.2.5.RELEASE\spring-boot-starter-test-2.2.5.RELEASE.jar;D:\idea\apache-maven-3.6.1\Meven-Tools\org\springframework\boot\spring-boot-test\2.2.5.RELEASE\spring-boot-test-2.2.5.RELEASE.jar;D:\idea\apache-maven-3.6.1\Meven-Tools\org\springframework\boot\spring-boot-test-autoconfigure\2.2.5.RELEASE\spring-boot-test-autoconfigure-2.2.5.RELEASE.jar;D:\idea\apache-maven-3.6.1\Meven-Tools\jakarta\xml\bind\jakarta.xml.bind-api\2.3.2\jakarta.xml.bind-api-2.3.2.jar;D:\idea\apache-maven-3.6.1\Meven-Tools\jakarta\activation\jakarta.activation-api\1.2.2\jakarta.activation-api-1.2.2.jar;D:\idea\apache-maven-3.6.1\Meven-Tools\org\junit\jupiter\junit-jupiter\5.5.2\junit-jupiter-5.5.2.jar;D:\idea\apache-maven-3.6.1\Meven-Tools\org\junit\jupiter\junit-jupiter-api\5.5.2\junit-jupiter-api-5.5.2.jar;D:\idea\apache-maven-3.6.1\Meven-Tools\org\apiguardian\apiguardian-api\1.1.0\apiguardian-api-1.1.0.jar;D:\idea\apache-maven-3.6.1\Meven-Tools\org\opentest4j\opentest4j\1.2.0\opentest4j-1.2.0.jar;D:\idea\apache-maven-3.6.1\Meven-Tools\org\junit\platform\junit-platform-commons\1.5.2\junit-platform-commons-1.5.2.jar;D:\idea\apache-maven-3.6.1\Meven-Tools\org\junit\jupiter\junit-jupiter-params\5.5.2\junit-jupiter-params-5.5.2.jar;D:\idea\apache-maven-3.6.1\Meven-Tools\org\junit\jupiter\junit-jupiter-engine\5.5.2\junit-jupiter-engine-5.5.2.jar;D:\idea\apache-maven-3.6.1\Meven-Tools\org\junit\platform\junit-platform-engine\1.5.2\junit-platform-engine-1.5.2.jar;D:\idea\apache-maven-3.6.1\Meven-Tools\org\mockito\mockito-junit-jupiter\3.1.0\mockito-junit-jupiter-3.1.0.jar;D:\idea\apache-maven-3.6.1\Meven-Tools\org\assertj\assertj-core\3.13.2\assertj-core-3.13.2.jar;D:\idea\apache-maven-3.6.1\Meven-Tools\org\hamcrest\hamcrest\2.1\hamcrest-2.1.jar;D:\idea\apache-maven-3.6.1\Meven-Tools\org\mockito\mockito-core\3.1.0\mockito-core-3.1.0.jar;D:\idea\apache-maven-3.6.1\Meven-Tools\net\bytebuddy\byte-buddy\1.10.8\byte-buddy-1.10.8.jar;D:\idea\apache-maven-3.6.1\Meven-Tools\net\bytebuddy\byte-buddy-agent\1.10.8\byte-buddy-agent-1.10.8.jar;D:\idea\apache-maven-3.6.1\Meven-Tools\org\objenesis\objenesis\2.6\objenesis-2.6.jar;D:\idea\apache-maven-3.6.1\Meven-Tools\org\skyscreamer\jsonassert\1.5.0\jsonassert-1.5.0.jar;D:\idea\apache-maven-3.6.1\Meven-Tools\com\vaadin\external\google\android-json\0.0.20131108.vaadin1\android-json-0.0.20131108.vaadin1.jar;D:\idea\apache-maven-3.6.1\Meven-Tools\org\springframework\spring-test\5.2.4.RELEASE\spring-test-5.2.4.RELEASE.jar;D:\idea\apache-maven-3.6.1\Meven-Tools\org\xmlunit\xmlunit-core\2.6.3\xmlunit-core-2.6.3.jar;D:\idea\apache-maven-3.6.1\Meven-Tools\com\jayway\jsonpath\json-path\2.4.0\json-path-2.4.0.jar;D:\idea\apache-maven-3.6.1\Meven-Tools\net\minidev\json-smart\2.3\json-smart-2.3.jar;D:\idea\apache-maven-3.6.1\Meven-Tools\net\minidev\accessors-smart\1.2\accessors-smart-1.2.jar;D:\idea\apache-maven-3.6.1\Meven-Tools\org\ow2\asm\asm\5.0.4\asm-5.0.4.jar;"/>
    <property name="sun.cpu.endian" value="little"/>
    <property name="user.home" value="C:\Users\123"/>
    <property name="user.language" value="zh"/>
    <property name="java.specification.vendor" value="Oracle Corporation"/>
    <property name="java.home" value="C:\Program Files (x86)\Java\jdk1.8.0_71\jre"/>
    <property name="basedir" value="E:\小程序\IDEA工作台\Video"/>
    <property name="file.separator" value="\"/>
    <property name="line.separator" value="&#10;"/>
    <property name="java.vm.specification.vendor" value="Oracle Corporation"/>
    <property name="java.specification.name" value="Java Platform API Specification"/>
    <property name="java.awt.graphicsenv" value="sun.awt.Win32GraphicsEnvironment"/>
    <property name="surefire.real.class.path" value="C:\Users\123\AppData\Local\Temp\surefire3630466402035836492\surefirebooter1216966219716457247.jar"/>
    <property name="sun.boot.class.path" value="C:\Program Files (x86)\Java\jdk1.8.0_71\jre\lib\resources.jar;C:\Program Files (x86)\Java\jdk1.8.0_71\jre\lib\rt.jar;C:\Program Files (x86)\Java\jdk1.8.0_71\jre\lib\sunrsasign.jar;C:\Program Files (x86)\Java\jdk1.8.0_71\jre\lib\jsse.jar;C:\Program Files (x86)\Java\jdk1.8.0_71\jre\lib\jce.jar;C:\Program Files (x86)\Java\jdk1.8.0_71\jre\lib\charsets.jar;C:\Program Files (x86)\Java\jdk1.8.0_71\jre\lib\jfr.jar;C:\Program Files (x86)\Java\jdk1.8.0_71\jre\classes"/>
    <property name="user.script" value=""/>
    <property name="sun.management.compiler" value="HotSpot Client Compiler"/>
    <property name="java.runtime.version" value="1.8.0_71-b15"/>
    <property name="user.name" value="123"/>
    <property name="path.separator" value=";"/>
    <property name="os.version" value="10.0"/>
    <property name="java.endorsed.dirs" value="C:\Program Files (x86)\Java\jdk1.8.0_71\jre\lib\endorsed"/>
    <property name="java.runtime.name" value="Java(TM) SE Runtime Environment"/>
    <property name="file.encoding" value="GBK"/>
    <property name="java.vm.name" value="Java HotSpot(TM) Client VM"/>
    <property name="localRepository" value="D:\idea\apache-maven-3.6.1\Meven-Tools"/>
    <property name="java.vendor.url.bug" value="http://bugreport.sun.com/bugreport/"/>
    <property name="java.io.tmpdir" value="C:\Users\123\AppData\Local\Temp\"/>
    <property name="java.version" value="1.8.0_71"/>
    <property name="user.dir" value="E:\小程序\IDEA工作台\Video"/>
    <property name="os.arch" value="x86"/>
    <property name="java.vm.specification.name" value="Java Virtual Machine Specification"/>
    <property name="java.awt.printerjob" value="sun.awt.windows.WPrinterJob"/>
    <property name="sun.os.patch.level" value=""/>
    <property name="idea.version2019.2" value="true"/>
    <property name="java.library.path" value="C:\Program Files (x86)\Java\jdk1.8.0_71\jre\bin;C:\Windows\Sun\Java\bin;C:\Windows\system32;C:\Windows;C:\Program Files\JetBrains\IntelliJ IDEA 2019.2\jbr\\bin;C:\Program Files\JetBrains\IntelliJ IDEA 2019.2\jbr\\bin\server;C:\Program Files (x86)\NetSarang\Xshell 6\;C:\Program Files (x86)\NetSarang\Xftp 6\;c:\program files (x86)\graphicsmagick-1.3.12-q8;D:\Oracle\product\11.2.0\dbhome_1\bin;C:\ProgramData\Oracle\Java\javapath;C:\Windows\system32;C:\Windows;C:\Windows\System32\Wbem;C:\Windows\System32\WindowsPowerShell\v1.0\;C:\Windows\System32\OpenSSH\;C:\Program Files\Git\cmd;C:\Program Files\MySQL\MySQL Server 5.5\bin;&quot;C:\Program Files (x86)\Java\jdk1.8.0_71\bin;C:\Program Files (x86)\Java\jdk1.8.0_71\jre\bin&quot;;C:\Program Files\nodejs\;C:\Program Files\TortoiseSVN\bin;C:\Users\123\%g%;C:\Users\123\AppData\Local\Microsoft\WindowsApps;;C:\Users\123\AppData\Local\Programs\Microsoft VS Code\bin;C:\Program Files\Bandizip\;C:\Users\123\AppData\Roaming\npm;."/>
    <property name="java.vm.info" value="mixed mode, sharing"/>
    <property name="java.vendor" value="Oracle Corporation"/>
    <property name="java.vm.version" value="25.71-b15"/>
    <property name="java.ext.dirs" value="C:\Program Files (x86)\Java\jdk1.8.0_71\jre\lib\ext;C:\Windows\Sun\Java\lib\ext"/>
    <property name="sun.io.unicode.encoding" value="UnicodeLittle"/>
    <property name="java.class.version" value="52.0"/>
  </properties>
  <testcase name="contextLoads" classname="com.ljw.LjwApplicationTests" time="0.766"/>
</testsuite>